app/build/intermediates/manifest_merge_blame_file/debug/manifest-merger-blame-debug-report.txt
1<?xml version="1.0" encoding="utf-8"?>
2<manifest xmlns:android="http://schemas.android.com/apk/res/android"
3    package="org.tensorflow.lite.examples.detection"
4    android:versionCode="1"
5    android:versionName="1.0" >
6
7    <uses-sdk
7-->src\main\AndroidManifest.xml:5:5-17
8        android:minSdkVersion="21"
8-->src\main\AndroidManifest.xml:5:5-17
9        android:targetSdkVersion="29" />
9-->src\main\AndroidManifest.xml:5:5-17
10
11    <uses-permission android:name="android.permission.CAMERA" />
11-->src\main\AndroidManifest.xml:7:5-65
11-->src\main\AndroidManifest.xml:7:22-62
12    <uses-permission android:name="android.permission.INTERNET" />
12-->src\main\AndroidManifest.xml:8:5-67
12-->src\main\AndroidManifest.xml:8:22-64
13
14    <uses-feature android:name="android.hardware.camera" />
14-->src\main\AndroidManifest.xml:10:5-60
14-->src\main\AndroidManifest.xml:10:19-57
15    <uses-feature android:name="android.hardware.camera.autofocus" />
15-->src\main\AndroidManifest.xml:11:5-70
15-->src\main\AndroidManifest.xml:11:19-67
16
17    <!-- Although the *SdkVersion is captured in gradle build files, this is required for non gradle builds -->
18    <!-- <uses-sdk android:minSdkVersion="14"/> -->
19    <uses-permission android:name="android.permission.ACCESS_NETWORK_STATE" />
19-->[com.google.firebase:firebase-database:19.2.0] AndroidManifest.xml:25:5-79
19-->[com.google.firebase:firebase-database:19.2.0] AndroidManifest.xml:25:22-76
20    <uses-permission android:name="android.permission.WAKE_LOCK" /> <!-- Required by older versions of Google Play services to create IID tokens -->
20-->[com.google.android.gms:play-services-measurement-api:17.2.0] AndroidManifest.xml:24:5-68
20-->[com.google.android.gms:play-services-measurement-api:17.2.0] AndroidManifest.xml:24:22-65
21    <uses-permission android:name="com.google.android.c2dm.permission.RECEIVE" />
21-->[com.google.firebase:firebase-iid:19.0.0] AndroidManifest.xml:26:5-82
21-->[com.google.firebase:firebase-iid:19.0.0] AndroidManifest.xml:26:22-79
22    <uses-permission android:name="com.google.android.finsky.permission.BIND_GET_INSTALL_REFERRER_SERVICE" />
22-->[com.google.android.gms:play-services-measurement:17.2.0] AndroidManifest.xml:26:5-110
22-->[com.google.android.gms:play-services-measurement:17.2.0] AndroidManifest.xml:26:22-107
23
24    <application
24-->src\main\AndroidManifest.xml:13:5-32:19
25        android:allowBackup="false"
25-->src\main\AndroidManifest.xml:14:9-36
26        android:appComponentFactory="androidx.core.app.CoreComponentFactory"
26-->[androidx.core:core:1.0.0] AndroidManifest.xml:22:18-86
27        android:debuggable="true"
28        android:icon="@mipmap/ic_launcher"
28-->src\main\AndroidManifest.xml:15:9-43
29        android:label="@string/app_name"
29-->src\main\AndroidManifest.xml:16:9-41
30        android:roundIcon="@mipmap/ic_launcher_round"
30-->src\main\AndroidManifest.xml:17:9-54
31        android:supportsRtl="true"
31-->src\main\AndroidManifest.xml:18:9-35
32        android:testOnly="true"
33        android:theme="@style/AppTheme" >
33-->src\main\AndroidManifest.xml:19:9-40
34        <activity android:name="org.tensorflow.lite.examples.detection.UserForm" />
34-->src\main\AndroidManifest.xml:20:9-55
34-->src\main\AndroidManifest.xml:20:19-43
35        <activity android:name="org.tensorflow.lite.examples.detection.DetectorActivity" />
35-->src\main\AndroidManifest.xml:21:9-54
35-->src\main\AndroidManifest.xml:21:19-51
36        <activity
36-->src\main\AndroidManifest.xml:22:9-31:20
37            android:name="org.tensorflow.lite.examples.detection.googlemap"
37-->src\main\AndroidManifest.xml:23:13-38
38            android:label="@string/activity_name_detection"
38-->src\main\AndroidManifest.xml:24:13-60
39            android:screenOrientation="portrait" >
39-->src\main\AndroidManifest.xml:25:13-49
40            <intent-filter>
40-->src\main\AndroidManifest.xml:26:13-30:29
41                <action android:name="android.intent.action.MAIN" />
41-->src\main\AndroidManifest.xml:27:17-69
41-->src\main\AndroidManifest.xml:27:25-66
42
43                <category android:name="android.intent.category.LAUNCHER" />
43-->src\main\AndroidManifest.xml:29:17-77
43-->src\main\AndroidManifest.xml:29:27-74
44            </intent-filter>
45        </activity>
46
47        <service
47-->[com.google.firebase:firebase-database:19.2.0] AndroidManifest.xml:29:9-35:19
48            android:name="com.google.firebase.components.ComponentDiscoveryService"
48-->[com.google.firebase:firebase-database:19.2.0] AndroidManifest.xml:30:13-84
49            android:directBootAware="true"
49-->[com.google.firebase:firebase-common:19.2.0] AndroidManifest.xml:15:13-43
50            android:exported="false" >
50-->[com.google.firebase:firebase-database:19.2.0] AndroidManifest.xml:31:13-37
51            <meta-data
51-->[com.google.firebase:firebase-database:19.2.0] AndroidManifest.xml:32:13-34:85
52                android:name="com.google.firebase.components:com.google.firebase.database.DatabaseRegistrar"
52-->[com.google.firebase:firebase-database:19.2.0] AndroidManifest.xml:33:17-109
53                android:value="com.google.firebase.components.ComponentRegistrar" />
53-->[com.google.firebase:firebase-database:19.2.0] AndroidManifest.xml:34:17-82
54            <meta-data
54-->[com.google.android.gms:play-services-measurement-api:17.2.0] AndroidManifest.xml:30:13-32:85
55                android:name="com.google.firebase.components:com.google.firebase.analytics.connector.internal.AnalyticsConnectorRegistrar"
55-->[com.google.android.gms:play-services-measurement-api:17.2.0] AndroidManifest.xml:31:17-139
56                android:value="com.google.firebase.components.ComponentRegistrar" />
56-->[com.google.android.gms:play-services-measurement-api:17.2.0] AndroidManifest.xml:32:17-82
57            <meta-data
57-->[com.google.firebase:firebase-iid:19.0.0] AndroidManifest.xml:32:13-34:85
58                android:name="com.google.firebase.components:com.google.firebase.iid.Registrar"
58-->[com.google.firebase:firebase-iid:19.0.0] AndroidManifest.xml:33:17-96
59                android:value="com.google.firebase.components.ComponentRegistrar" />
59-->[com.google.firebase:firebase-iid:19.0.0] AndroidManifest.xml:34:17-82
60        </service>
61
62        <receiver
62-->[com.google.firebase:firebase-iid:19.0.0] AndroidManifest.xml:37:9-44:20
63            android:name="com.google.firebase.iid.FirebaseInstanceIdReceiver"
63-->[com.google.firebase:firebase-iid:19.0.0] AndroidManifest.xml:38:13-78
64            android:exported="true"
64-->[com.google.firebase:firebase-iid:19.0.0] AndroidManifest.xml:39:13-36
65            android:permission="com.google.android.c2dm.permission.SEND" >
65-->[com.google.firebase:firebase-iid:19.0.0] AndroidManifest.xml:40:13-73
66            <intent-filter>
66-->[com.google.firebase:firebase-iid:19.0.0] AndroidManifest.xml:41:13-43:29
67                <action android:name="com.google.android.c2dm.intent.RECEIVE" />
67-->[com.google.firebase:firebase-iid:19.0.0] AndroidManifest.xml:42:17-81
67-->[com.google.firebase:firebase-iid:19.0.0] AndroidManifest.xml:42:25-78
68            </intent-filter>
69        </receiver>
70
71        <activity
71-->[com.google.android.gms:play-services-base:17.0.0] AndroidManifest.xml:23:9-26:75
72            android:name="com.google.android.gms.common.api.GoogleApiActivity"
72-->[com.google.android.gms:play-services-base:17.0.0] AndroidManifest.xml:24:13-79
73            android:exported="false"
73-->[com.google.android.gms:play-services-base:17.0.0] AndroidManifest.xml:25:13-37
74            android:theme="@android:style/Theme.Translucent.NoTitleBar" />
74-->[com.google.android.gms:play-services-base:17.0.0] AndroidManifest.xml:26:13-72
75
76        <receiver
76-->[com.google.android.gms:play-services-measurement:17.2.0] AndroidManifest.xml:29:9-33:20
77            android:name="com.google.android.gms.measurement.AppMeasurementReceiver"
77-->[com.google.android.gms:play-services-measurement:17.2.0] AndroidManifest.xml:30:13-85
78            android:enabled="true"
78-->[com.google.android.gms:play-services-measurement:17.2.0] AndroidManifest.xml:31:13-35
79            android:exported="false" >
79-->[com.google.android.gms:play-services-measurement:17.2.0] AndroidManifest.xml:32:13-37
80        </receiver>
81        <receiver
81-->[com.google.android.gms:play-services-measurement:17.2.0] AndroidManifest.xml:34:9-42:20
82            android:name="com.google.android.gms.measurement.AppMeasurementInstallReferrerReceiver"
82-->[com.google.android.gms:play-services-measurement:17.2.0] AndroidManifest.xml:35:13-100
83            android:enabled="true"
83-->[com.google.android.gms:play-services-measurement:17.2.0] AndroidManifest.xml:36:13-35
84            android:exported="true"
84-->[com.google.android.gms:play-services-measurement:17.2.0] AndroidManifest.xml:37:13-36
85            android:permission="android.permission.INSTALL_PACKAGES" >
85-->[com.google.android.gms:play-services-measurement:17.2.0] AndroidManifest.xml:38:13-69
86            <intent-filter>
86-->[com.google.android.gms:play-services-measurement:17.2.0] AndroidManifest.xml:39:13-41:29
87                <action android:name="com.android.vending.INSTALL_REFERRER" />
87-->[com.google.android.gms:play-services-measurement:17.2.0] AndroidManifest.xml:40:17-79
87-->[com.google.android.gms:play-services-measurement:17.2.0] AndroidManifest.xml:40:25-76
88            </intent-filter>
89        </receiver>
90
91        <service
91-->[com.google.android.gms:play-services-measurement:17.2.0] AndroidManifest.xml:44:9-47:40
92            android:name="com.google.android.gms.measurement.AppMeasurementService"
92-->[com.google.android.gms:play-services-measurement:17.2.0] AndroidManifest.xml:45:13-84
93            android:enabled="true"
93-->[com.google.android.gms:play-services-measurement:17.2.0] AndroidManifest.xml:46:13-35
94            android:exported="false" />
94-->[com.google.android.gms:play-services-measurement:17.2.0] AndroidManifest.xml:47:13-37
95        <service
95-->[com.google.android.gms:play-services-measurement:17.2.0] AndroidManifest.xml:48:9-52:72
96            android:name="com.google.android.gms.measurement.AppMeasurementJobService"
96-->[com.google.android.gms:play-services-measurement:17.2.0] AndroidManifest.xml:49:13-87
97            android:enabled="true"
97-->[com.google.android.gms:play-services-measurement:17.2.0] AndroidManifest.xml:50:13-35
98            android:exported="false"
98-->[com.google.android.gms:play-services-measurement:17.2.0] AndroidManifest.xml:51:13-37
99            android:permission="android.permission.BIND_JOB_SERVICE" />
99-->[com.google.android.gms:play-services-measurement:17.2.0] AndroidManifest.xml:52:13-69
100
101        <provider
101-->[com.google.firebase:firebase-common:19.2.0] AndroidManifest.xml:19:9-23:39
102            android:name="com.google.firebase.provider.FirebaseInitProvider"
102-->[com.google.firebase:firebase-common:19.2.0] AndroidManifest.xml:20:13-77
103            android:authorities="org.tensorflow.lite.examples.detection.firebaseinitprovider"
103-->[com.google.firebase:firebase-common:19.2.0] AndroidManifest.xml:21:13-72
104            android:exported="false"
104-->[com.google.firebase:firebase-common:19.2.0] AndroidManifest.xml:22:13-37
105            android:initOrder="100" />
105-->[com.google.firebase:firebase-common:19.2.0] AndroidManifest.xml:23:13-36
106
107        <meta-data
107-->[com.google.android.gms:play-services-basement:17.0.0] AndroidManifest.xml:23:9-25:69
108            android:name="com.google.android.gms.version"
108-->[com.google.android.gms:play-services-basement:17.0.0] AndroidManifest.xml:24:13-58
109            android:value="@integer/google_play_services_version" />
109-->[com.google.android.gms:play-services-basement:17.0.0] AndroidManifest.xml:25:13-66
110    </application>
111
112</manifest>